<?xml version="1.0" encoding="UTF-8"?>
<testsuite xmlns:xsi="http://www.w3.org/2001/XMLSchema-instance" xsi:noNamespaceSchemaLocation="https://maven.apache.org/surefire/maven-surefire-plugin/xsd/surefire-test-report.xsd" name="com.example.gaterestapi.GaterestapiApplicationTests" time="5.367" tests="1" errors="0" skipped="0" failures="0">
  <properties>
    <property name="awt.toolkit" value="sun.awt.X11.XToolkit"/>
    <property name="java.specification.version" value="11"/>
    <property name="sun.cpu.isalist" value=""/>
    <property name="sun.jnu.encoding" value="UTF-8"/>
    <property name="java.class.path" value="/home/paul/sigir_api_demonstration/Backup_gate_rest/gaterestapi/target/test-classes:/home/paul/sigir_api_demonstration/Backup_gate_rest/gaterestapi/target/classes:/root/.m2/repository/org/springframework/boot/spring-boot-starter-web/2.5.0/spring-boot-starter-web-2.5.0.jar:/root/.m2/repository/org/springframework/boot/spring-boot-starter/2.5.0/spring-boot-starter-2.5.0.jar:/root/.m2/repository/org/springframework/boot/spring-boot/2.5.0/spring-boot-2.5.0.jar:/root/.m2/repository/org/springframework/boot/spring-boot-autoconfigure/2.5.0/spring-boot-autoconfigure-2.5.0.jar:/root/.m2/repository/org/springframework/boot/spring-boot-starter-logging/2.5.0/spring-boot-starter-logging-2.5.0.jar:/root/.m2/repository/ch/qos/logback/logback-classic/1.2.3/logback-classic-1.2.3.jar:/root/.m2/repository/ch/qos/logback/logback-core/1.2.3/logback-core-1.2.3.jar:/root/.m2/repository/org/apache/logging/log4j/log4j-to-slf4j/2.14.1/log4j-to-slf4j-2.14.1.jar:/root/.m2/repository/org/apache/logging/log4j/log4j-api/2.14.1/log4j-api-2.14.1.jar:/root/.m2/repository/org/slf4j/jul-to-slf4j/1.7.30/jul-to-slf4j-1.7.30.jar:/root/.m2/repository/jakarta/annotation/jakarta.annotation-api/1.3.5/jakarta.annotation-api-1.3.5.jar:/root/.m2/repository/org/yaml/snakeyaml/1.28/snakeyaml-1.28.jar:/root/.m2/repository/org/springframework/boot/spring-boot-starter-json/2.5.0/spring-boot-starter-json-2.5.0.jar:/root/.m2/repository/com/fasterxml/jackson/datatype/jackson-datatype-jdk8/2.12.3/jackson-datatype-jdk8-2.12.3.jar:/root/.m2/repository/com/fasterxml/jackson/datatype/jackson-datatype-jsr310/2.12.3/jackson-datatype-jsr310-2.12.3.jar:/root/.m2/repository/com/fasterxml/jackson/module/jackson-module-parameter-names/2.12.3/jackson-module-parameter-names-2.12.3.jar:/root/.m2/repository/org/springframework/boot/spring-boot-starter-tomcat/2.5.0/spring-boot-starter-tomcat-2.5.0.jar:/root/.m2/repository/org/apache/tomcat/embed/tomcat-embed-core/9.0.46/tomcat-embed-core-9.0.46.jar:/root/.m2/repository/org/apache/tomcat/embed/tomcat-embed-el/9.0.46/tomcat-embed-el-9.0.46.jar:/root/.m2/repository/org/apache/tomcat/embed/tomcat-embed-websocket/9.0.46/tomcat-embed-websocket-9.0.46.jar:/root/.m2/repository/org/springframework/spring-web/5.3.7/spring-web-5.3.7.jar:/root/.m2/repository/org/springframework/spring-beans/5.3.7/spring-beans-5.3.7.jar:/root/.m2/repository/org/springframework/spring-webmvc/5.3.7/spring-webmvc-5.3.7.jar:/root/.m2/repository/org/springframework/spring-aop/5.3.7/spring-aop-5.3.7.jar:/root/.m2/repository/org/springframework/spring-context/5.3.7/spring-context-5.3.7.jar:/root/.m2/repository/org/springframework/spring-expression/5.3.7/spring-expression-5.3.7.jar:/root/.m2/repository/org/springframework/boot/spring-boot-starter-test/2.5.0/spring-boot-starter-test-2.5.0.jar:/root/.m2/repository/org/springframework/boot/spring-boot-test/2.5.0/spring-boot-test-2.5.0.jar:/root/.m2/repository/org/springframework/boot/spring-boot-test-autoconfigure/2.5.0/spring-boot-test-autoconfigure-2.5.0.jar:/root/.m2/repository/com/jayway/jsonpath/json-path/2.5.0/json-path-2.5.0.jar:/root/.m2/repository/net/minidev/json-smart/2.4.7/json-smart-2.4.7.jar:/root/.m2/repository/net/minidev/accessors-smart/2.4.7/accessors-smart-2.4.7.jar:/root/.m2/repository/org/ow2/asm/asm/9.1/asm-9.1.jar:/root/.m2/repository/jakarta/xml/bind/jakarta.xml.bind-api/2.3.3/jakarta.xml.bind-api-2.3.3.jar:/root/.m2/repository/jakarta/activation/jakarta.activation-api/1.2.2/jakarta.activation-api-1.2.2.jar:/root/.m2/repository/org/assertj/assertj-core/3.19.0/assertj-core-3.19.0.jar:/root/.m2/repository/org/hamcrest/hamcrest/2.2/hamcrest-2.2.jar:/root/.m2/repository/org/junit/jupiter/junit-jupiter/5.7.2/junit-jupiter-5.7.2.jar:/root/.m2/repository/org/junit/jupiter/junit-jupiter-api/5.7.2/junit-jupiter-api-5.7.2.jar:/root/.m2/repository/org/apiguardian/apiguardian-api/1.1.0/apiguardian-api-1.1.0.jar:/root/.m2/repository/org/opentest4j/opentest4j/1.2.0/opentest4j-1.2.0.jar:/root/.m2/repository/org/junit/platform/junit-platform-commons/1.7.2/junit-platform-commons-1.7.2.jar:/root/.m2/repository/org/junit/jupiter/junit-jupiter-params/5.7.2/junit-jupiter-params-5.7.2.jar:/root/.m2/repository/org/junit/jupiter/junit-jupiter-engine/5.7.2/junit-jupiter-engine-5.7.2.jar:/root/.m2/repository/org/junit/platform/junit-platform-engine/1.7.2/junit-platform-engine-1.7.2.jar:/root/.m2/repository/org/mockito/mockito-core/3.9.0/mockito-core-3.9.0.jar:/root/.m2/repository/net/bytebuddy/byte-buddy/1.10.22/byte-buddy-1.10.22.jar:/root/.m2/repository/net/bytebuddy/byte-buddy-agent/1.10.22/byte-buddy-agent-1.10.22.jar:/root/.m2/repository/org/objenesis/objenesis/3.2/objenesis-3.2.jar:/root/.m2/repository/org/mockito/mockito-junit-jupiter/3.9.0/mockito-junit-jupiter-3.9.0.jar:/root/.m2/repository/org/skyscreamer/jsonassert/1.5.0/jsonassert-1.5.0.jar:/root/.m2/repository/com/vaadin/external/google/android-json/0.0.20131108.vaadin1/android-json-0.0.20131108.vaadin1.jar:/root/.m2/repository/org/springframework/spring-core/5.3.7/spring-core-5.3.7.jar:/root/.m2/repository/org/springframework/spring-jcl/5.3.7/spring-jcl-5.3.7.jar:/root/.m2/repository/org/springframework/spring-test/5.3.7/spring-test-5.3.7.jar:/root/.m2/repository/org/xmlunit/xmlunit-core/2.8.2/xmlunit-core-2.8.2.jar:/root/.m2/repository/uk/ac/gate/gate-core/9.0.1/gate-core-9.0.1.jar:/root/.m2/repository/uk/ac/gate/gate-asm/9.0/gate-asm-9.0.jar:/root/.m2/repository/org/apache/maven/resolver/maven-resolver-impl/1.6.1/maven-resolver-impl-1.6.1.jar:/root/.m2/repository/org/apache/maven/resolver/maven-resolver-api/1.6.1/maven-resolver-api-1.6.1.jar:/root/.m2/repository/org/apache/maven/resolver/maven-resolver-spi/1.6.1/maven-resolver-spi-1.6.1.jar:/root/.m2/repository/org/apache/maven/resolver/maven-resolver-util/1.6.1/maven-resolver-util-1.6.1.jar:/root/.m2/repository/org/apache/maven/maven-model-builder/3.6.3/maven-model-builder-3.6.3.jar:/root/.m2/repository/org/codehaus/plexus/plexus-utils/3.2.1/plexus-utils-3.2.1.jar:/root/.m2/repository/org/codehaus/plexus/plexus-interpolation/1.25/plexus-interpolation-1.25.jar:/root/.m2/repository/javax/inject/javax.inject/1/javax.inject-1.jar:/root/.m2/repository/org/apache/maven/maven-model/3.6.3/maven-model-3.6.3.jar:/root/.m2/repository/org/apache/maven/maven-artifact/3.6.3/maven-artifact-3.6.3.jar:/root/.m2/repository/org/apache/maven/maven-builder-support/3.6.3/maven-builder-support-3.6.3.jar:/root/.m2/repository/org/eclipse/sisu/org.eclipse.sisu.inject/0.3.4/org.eclipse.sisu.inject-0.3.4.jar:/root/.m2/repository/org/apache/maven/maven-resolver-provider/3.6.3/maven-resolver-provider-3.6.3.jar:/root/.m2/repository/org/apache/maven/maven-repository-metadata/3.6.3/maven-repository-metadata-3.6.3.jar:/root/.m2/repository/org/apache/maven/resolver/maven-resolver-connector-basic/1.6.1/maven-resolver-connector-basic-1.6.1.jar:/root/.m2/repository/org/apache/maven/resolver/maven-resolver-transport-http/1.6.1/maven-resolver-transport-http-1.6.1.jar:/root/.m2/repository/org/apache/httpcomponents/httpclient/4.5.13/httpclient-4.5.13.jar:/root/.m2/repository/commons-codec/commons-codec/1.15/commons-codec-1.15.jar:/root/.m2/repository/org/apache/httpcomponents/httpcore/4.4.14/httpcore-4.4.14.jar:/root/.m2/repository/org/apache/maven/resolver/maven-resolver-transport-file/1.6.1/maven-resolver-transport-file-1.6.1.jar:/root/.m2/repository/org/apache/maven/resolver/maven-resolver-transport-wagon/1.6.1/maven-resolver-transport-wagon-1.6.1.jar:/root/.m2/repository/org/apache/maven/wagon/wagon-provider-api/3.4.0/wagon-provider-api-3.4.0.jar:/root/.m2/repository/org/apache/maven/resolver/maven-resolver-transport-classpath/1.6.1/maven-resolver-transport-classpath-1.6.1.jar:/root/.m2/repository/org/apache/maven/maven-settings-builder/3.6.3/maven-settings-builder-3.6.3.jar:/root/.m2/repository/org/apache/maven/maven-settings/3.6.3/maven-settings-3.6.3.jar:/root/.m2/repository/org/sonatype/plexus/plexus-sec-dispatcher/1.4/plexus-sec-dispatcher-1.4.jar:/root/.m2/repository/org/sonatype/plexus/plexus-cipher/1.4/plexus-cipher-1.4.jar:/root/.m2/repository/org/codehaus/plexus/plexus-container-default/2.1.0/plexus-container-default-2.1.0.jar:/root/.m2/repository/org/apache/commons/commons-lang3/3.12.0/commons-lang3-3.12.0.jar:/root/.m2/repository/commons-lang/commons-lang/2.6/commons-lang-2.6.jar:/root/.m2/repository/commons-io/commons-io/2.8.0/commons-io-2.8.0.jar:/root/.m2/repository/org/slf4j/slf4j-api/1.7.30/slf4j-api-1.7.30.jar:/root/.m2/repository/org/slf4j/log4j-over-slf4j/1.7.30/log4j-over-slf4j-1.7.30.jar:/root/.m2/repository/org/slf4j/jcl-over-slf4j/1.7.30/jcl-over-slf4j-1.7.30.jar:/root/.m2/repository/org/jdom/jdom/1.1.3/jdom-1.1.3.jar:/root/.m2/repository/net/sourceforge/nekohtml/nekohtml/1.9.22/nekohtml-1.9.22.jar:/root/.m2/repository/xerces/xercesImpl/2.11.0/xercesImpl-2.11.0.jar:/root/.m2/repository/org/apache/tika/tika-parsers/1.25/tika-parsers-1.25.jar:/root/.m2/repository/org/apache/tika/tika-core/1.25/tika-core-1.25.jar:/root/.m2/repository/org/apache/pdfbox/pdfbox/2.0.22/pdfbox-2.0.22.jar:/root/.m2/repository/org/apache/pdfbox/fontbox/2.0.22/fontbox-2.0.22.jar:/root/.m2/repository/org/apache/pdfbox/pdfbox-tools/2.0.22/pdfbox-tools-2.0.22.jar:/root/.m2/repository/org/apache/pdfbox/jempbox/1.8.16/jempbox-1.8.16.jar:/root/.m2/repository/org/bouncycastle/bcmail-jdk15on/1.68/bcmail-jdk15on-1.68.jar:/root/.m2/repository/org/bouncycastle/bcpkix-jdk15on/1.68/bcpkix-jdk15on-1.68.jar:/root/.m2/repository/org/bouncycastle/bcprov-jdk15on/1.68/bcprov-jdk15on-1.68.jar:/root/.m2/repository/org/apache/poi/poi/4.1.2/poi-4.1.2.jar:/root/.m2/repository/org/apache/commons/commons-collections4/4.4/commons-collections4-4.4.jar:/root/.m2/repository/org/apache/commons/commons-math3/3.6.1/commons-math3-3.6.1.jar:/root/.m2/repository/com/zaxxer/SparseBitSet/1.2/SparseBitSet-1.2.jar:/root/.m2/repository/org/apache/poi/poi-scratchpad/4.1.2/poi-scratchpad-4.1.2.jar:/root/.m2/repository/org/apache/poi/poi-ooxml/4.1.2/poi-ooxml-4.1.2.jar:/root/.m2/repository/org/apache/poi/poi-ooxml-schemas/4.1.2/poi-ooxml-schemas-4.1.2.jar:/root/.m2/repository/org/apache/xmlbeans/xmlbeans/3.1.0/xmlbeans-3.1.0.jar:/root/.m2/repository/org/apache/commons/commons-compress/1.19/commons-compress-1.19.jar:/root/.m2/repository/com/github/virtuald/curvesapi/1.06/curvesapi-1.06.jar:/root/.m2/repository/com/drewnoakes/metadata-extractor/2.15.0/metadata-extractor-2.15.0.jar:/root/.m2/repository/com/adobe/xmp/xmpcore/6.0.6/xmpcore-6.0.6.jar:/root/.m2/repository/org/codehaus/woodstox/woodstox-core-lgpl/4.4.1/woodstox-core-lgpl-4.4.1.jar:/root/.m2/repository/org/codehaus/woodstox/stax2-api/3.1.4/stax2-api-3.1.4.jar:/root/.m2/repository/org/apache/ant/ant/1.10.9/ant-1.10.9.jar:/root/.m2/repository/org/apache/ant/ant-launcher/1.10.9/ant-launcher-1.10.9.jar:/root/.m2/repository/com/thoughtworks/xstream/xstream/1.4.15/xstream-1.4.15.jar:/root/.m2/repository/xpp3/xpp3/1.1.4c/xpp3-1.1.4c.jar:/root/.m2/repository/jaxen/jaxen/1.2.0/jaxen-1.2.0.jar:/root/.m2/repository/gnu/getopt/java-getopt/1.0.13/java-getopt-1.0.13.jar:/root/.m2/repository/com/fasterxml/jackson/core/jackson-databind/2.12.3/jackson-databind-2.12.3.jar:/root/.m2/repository/com/fasterxml/jackson/core/jackson-annotations/2.12.3/jackson-annotations-2.12.3.jar:/root/.m2/repository/com/fasterxml/jackson/core/jackson-core/2.12.3/jackson-core-2.12.3.jar:/root/.m2/repository/org/xhtmlrenderer/flying-saucer-core/9.1.20/flying-saucer-core-9.1.20.jar:/root/.m2/repository/joda-time/joda-time/2.10.9/joda-time-2.10.9.jar:/root/.m2/repository/org/codehaus/httpcache4j/httpcache4j-core/5.1.1/httpcache4j-core-5.1.1.jar:/root/.m2/repository/org/codehaus/httpcache4j/httpcache4j-storage-api/5.1.1/httpcache4j-storage-api-5.1.1.jar:/root/.m2/repository/org/codehaus/httpcache4j/httpcache4j-api/5.1.1/httpcache4j-api-5.1.1.jar:/root/.m2/repository/org/codehaus/httpcache4j/uribuilder/uribuilder/2.0.0/uribuilder-2.0.0.jar:/root/.m2/repository/org/codehaus/httpcache4j/storage/storage-file/5.1.1/storage-file-5.1.1.jar:/root/.m2/repository/javax/xml/bind/jaxb-api/2.3.1/jaxb-api-2.3.1.jar:/root/.m2/repository/com/sun/xml/bind/jaxb-core/2.3.0.1/jaxb-core-2.3.0.1.jar:/root/.m2/repository/com/sun/xml/bind/jaxb-impl/2.3.3/jaxb-impl-2.3.3.jar:/root/.m2/repository/com/sun/activation/jakarta.activation/1.2.2/jakarta.activation-1.2.2.jar:/root/.m2/repository/javax/activation/javax.activation-api/1.2.0/javax.activation-api-1.2.0.jar:/root/.m2/repository/uk/ac/gate/plugins/annie/8.5/annie-8.5.jar:/root/.m2/repository/uk/ac/gate/gate-compiler-jdt/4.3.2-P20140317-1600/gate-compiler-jdt-4.3.2-P20140317-1600.jar:/root/.m2/repository/uk/ac/gate/plugins/ontology-tools/8.5/ontology-tools-8.5.jar:/root/.m2/repository/uk/ac/gate/plugins/tools/8.5/tools-8.5.jar:/root/.m2/repository/uk/ac/gate/plugins/gazetteer-ontology-based/8.5/gazetteer-ontology-based-8.5.jar:/root/.m2/repository/org/xerial/sqlite-jdbc/3.36.0.3/sqlite-jdbc-3.36.0.3.jar:"/>
    <property name="java.vm.vendor" value="Ubuntu"/>
    <property name="sun.arch.data.model" value="64"/>
    <property name="java.vendor.url" value="https://ubuntu.com/"/>
    <property name="user.timezone" value=""/>
    <property name="java.vm.specification.version" value="11"/>
    <property name="os.name" value="Linux"/>
    <property name="sun.java.launcher" value="SUN_STANDARD"/>
    <property name="user.country" value="FR"/>
    <property name="sun.boot.library.path" value="/usr/lib/jvm/java-11-openjdk-amd64/lib"/>
    <property name="sun.java.command" value="/home/paul/sigir_api_demonstration/Backup_gate_rest/gaterestapi/target/surefire/surefirebooter10822257528404948254.jar /home/paul/sigir_api_demonstration/Backup_gate_rest/gaterestapi/target/surefire 2022-02-18T17-46-39_132-jvmRun1 surefire16307696667753884497tmp surefire_01730035628254268098tmp"/>
    <property name="jdk.debug" value="release"/>
    <property name="surefire.test.class.path" value="/home/paul/sigir_api_demonstration/Backup_gate_rest/gaterestapi/target/test-classes:/home/paul/sigir_api_demonstration/Backup_gate_rest/gaterestapi/target/classes:/root/.m2/repository/org/springframework/boot/spring-boot-starter-web/2.5.0/spring-boot-starter-web-2.5.0.jar:/root/.m2/repository/org/springframework/boot/spring-boot-starter/2.5.0/spring-boot-starter-2.5.0.jar:/root/.m2/repository/org/springframework/boot/spring-boot/2.5.0/spring-boot-2.5.0.jar:/root/.m2/repository/org/springframework/boot/spring-boot-autoconfigure/2.5.0/spring-boot-autoconfigure-2.5.0.jar:/root/.m2/repository/org/springframework/boot/spring-boot-starter-logging/2.5.0/spring-boot-starter-logging-2.5.0.jar:/root/.m2/repository/ch/qos/logback/logback-classic/1.2.3/logback-classic-1.2.3.jar:/root/.m2/repository/ch/qos/logback/logback-core/1.2.3/logback-core-1.2.3.jar:/root/.m2/repository/org/apache/logging/log4j/log4j-to-slf4j/2.14.1/log4j-to-slf4j-2.14.1.jar:/root/.m2/repository/org/apache/logging/log4j/log4j-api/2.14.1/log4j-api-2.14.1.jar:/root/.m2/repository/org/slf4j/jul-to-slf4j/1.7.30/jul-to-slf4j-1.7.30.jar:/root/.m2/repository/jakarta/annotation/jakarta.annotation-api/1.3.5/jakarta.annotation-api-1.3.5.jar:/root/.m2/repository/org/yaml/snakeyaml/1.28/snakeyaml-1.28.jar:/root/.m2/repository/org/springframework/boot/spring-boot-starter-json/2.5.0/spring-boot-starter-json-2.5.0.jar:/root/.m2/repository/com/fasterxml/jackson/datatype/jackson-datatype-jdk8/2.12.3/jackson-datatype-jdk8-2.12.3.jar:/root/.m2/repository/com/fasterxml/jackson/datatype/jackson-datatype-jsr310/2.12.3/jackson-datatype-jsr310-2.12.3.jar:/root/.m2/repository/com/fasterxml/jackson/module/jackson-module-parameter-names/2.12.3/jackson-module-parameter-names-2.12.3.jar:/root/.m2/repository/org/springframework/boot/spring-boot-starter-tomcat/2.5.0/spring-boot-starter-tomcat-2.5.0.jar:/root/.m2/repository/org/apache/tomcat/embed/tomcat-embed-core/9.0.46/tomcat-embed-core-9.0.46.jar:/root/.m2/repository/org/apache/tomcat/embed/tomcat-embed-el/9.0.46/tomcat-embed-el-9.0.46.jar:/root/.m2/repository/org/apache/tomcat/embed/tomcat-embed-websocket/9.0.46/tomcat-embed-websocket-9.0.46.jar:/root/.m2/repository/org/springframework/spring-web/5.3.7/spring-web-5.3.7.jar:/root/.m2/repository/org/springframework/spring-beans/5.3.7/spring-beans-5.3.7.jar:/root/.m2/repository/org/springframework/spring-webmvc/5.3.7/spring-webmvc-5.3.7.jar:/root/.m2/repository/org/springframework/spring-aop/5.3.7/spring-aop-5.3.7.jar:/root/.m2/repository/org/springframework/spring-context/5.3.7/spring-context-5.3.7.jar:/root/.m2/repository/org/springframework/spring-expression/5.3.7/spring-expression-5.3.7.jar:/root/.m2/repository/org/springframework/boot/spring-boot-starter-test/2.5.0/spring-boot-starter-test-2.5.0.jar:/root/.m2/repository/org/springframework/boot/spring-boot-test/2.5.0/spring-boot-test-2.5.0.jar:/root/.m2/repository/org/springframework/boot/spring-boot-test-autoconfigure/2.5.0/spring-boot-test-autoconfigure-2.5.0.jar:/root/.m2/repository/com/jayway/jsonpath/json-path/2.5.0/json-path-2.5.0.jar:/root/.m2/repository/net/minidev/json-smart/2.4.7/json-smart-2.4.7.jar:/root/.m2/repository/net/minidev/accessors-smart/2.4.7/accessors-smart-2.4.7.jar:/root/.m2/repository/org/ow2/asm/asm/9.1/asm-9.1.jar:/root/.m2/repository/jakarta/xml/bind/jakarta.xml.bind-api/2.3.3/jakarta.xml.bind-api-2.3.3.jar:/root/.m2/repository/jakarta/activation/jakarta.activation-api/1.2.2/jakarta.activation-api-1.2.2.jar:/root/.m2/repository/org/assertj/assertj-core/3.19.0/assertj-core-3.19.0.jar:/root/.m2/repository/org/hamcrest/hamcrest/2.2/hamcrest-2.2.jar:/root/.m2/repository/org/junit/jupiter/junit-jupiter/5.7.2/junit-jupiter-5.7.2.jar:/root/.m2/repository/org/junit/jupiter/junit-jupiter-api/5.7.2/junit-jupiter-api-5.7.2.jar:/root/.m2/repository/org/apiguardian/apiguardian-api/1.1.0/apiguardian-api-1.1.0.jar:/root/.m2/repository/org/opentest4j/opentest4j/1.2.0/opentest4j-1.2.0.jar:/root/.m2/repository/org/junit/platform/junit-platform-commons/1.7.2/junit-platform-commons-1.7.2.jar:/root/.m2/repository/org/junit/jupiter/junit-jupiter-params/5.7.2/junit-jupiter-params-5.7.2.jar:/root/.m2/repository/org/junit/jupiter/junit-jupiter-engine/5.7.2/junit-jupiter-engine-5.7.2.jar:/root/.m2/repository/org/junit/platform/junit-platform-engine/1.7.2/junit-platform-engine-1.7.2.jar:/root/.m2/repository/org/mockito/mockito-core/3.9.0/mockito-core-3.9.0.jar:/root/.m2/repository/net/bytebuddy/byte-buddy/1.10.22/byte-buddy-1.10.22.jar:/root/.m2/repository/net/bytebuddy/byte-buddy-agent/1.10.22/byte-buddy-agent-1.10.22.jar:/root/.m2/repository/org/objenesis/objenesis/3.2/objenesis-3.2.jar:/root/.m2/repository/org/mockito/mockito-junit-jupiter/3.9.0/mockito-junit-jupiter-3.9.0.jar:/root/.m2/repository/org/skyscreamer/jsonassert/1.5.0/jsonassert-1.5.0.jar:/root/.m2/repository/com/vaadin/external/google/android-json/0.0.20131108.vaadin1/android-json-0.0.20131108.vaadin1.jar:/root/.m2/repository/org/springframework/spring-core/5.3.7/spring-core-5.3.7.jar:/root/.m2/repository/org/springframework/spring-jcl/5.3.7/spring-jcl-5.3.7.jar:/root/.m2/repository/org/springframework/spring-test/5.3.7/spring-test-5.3.7.jar:/root/.m2/repository/org/xmlunit/xmlunit-core/2.8.2/xmlunit-core-2.8.2.jar:/root/.m2/repository/uk/ac/gate/gate-core/9.0.1/gate-core-9.0.1.jar:/root/.m2/repository/uk/ac/gate/gate-asm/9.0/gate-asm-9.0.jar:/root/.m2/repository/org/apache/maven/resolver/maven-resolver-impl/1.6.1/maven-resolver-impl-1.6.1.jar:/root/.m2/repository/org/apache/maven/resolver/maven-resolver-api/1.6.1/maven-resolver-api-1.6.1.jar:/root/.m2/repository/org/apache/maven/resolver/maven-resolver-spi/1.6.1/maven-resolver-spi-1.6.1.jar:/root/.m2/repository/org/apache/maven/resolver/maven-resolver-util/1.6.1/maven-resolver-util-1.6.1.jar:/root/.m2/repository/org/apache/maven/maven-model-builder/3.6.3/maven-model-builder-3.6.3.jar:/root/.m2/repository/org/codehaus/plexus/plexus-utils/3.2.1/plexus-utils-3.2.1.jar:/root/.m2/repository/org/codehaus/plexus/plexus-interpolation/1.25/plexus-interpolation-1.25.jar:/root/.m2/repository/javax/inject/javax.inject/1/javax.inject-1.jar:/root/.m2/repository/org/apache/maven/maven-model/3.6.3/maven-model-3.6.3.jar:/root/.m2/repository/org/apache/maven/maven-artifact/3.6.3/maven-artifact-3.6.3.jar:/root/.m2/repository/org/apache/maven/maven-builder-support/3.6.3/maven-builder-support-3.6.3.jar:/root/.m2/repository/org/eclipse/sisu/org.eclipse.sisu.inject/0.3.4/org.eclipse.sisu.inject-0.3.4.jar:/root/.m2/repository/org/apache/maven/maven-resolver-provider/3.6.3/maven-resolver-provider-3.6.3.jar:/root/.m2/repository/org/apache/maven/maven-repository-metadata/3.6.3/maven-repository-metadata-3.6.3.jar:/root/.m2/repository/org/apache/maven/resolver/maven-resolver-connector-basic/1.6.1/maven-resolver-connector-basic-1.6.1.jar:/root/.m2/repository/org/apache/maven/resolver/maven-resolver-transport-http/1.6.1/maven-resolver-transport-http-1.6.1.jar:/root/.m2/repository/org/apache/httpcomponents/httpclient/4.5.13/httpclient-4.5.13.jar:/root/.m2/repository/commons-codec/commons-codec/1.15/commons-codec-1.15.jar:/root/.m2/repository/org/apache/httpcomponents/httpcore/4.4.14/httpcore-4.4.14.jar:/root/.m2/repository/org/apache/maven/resolver/maven-resolver-transport-file/1.6.1/maven-resolver-transport-file-1.6.1.jar:/root/.m2/repository/org/apache/maven/resolver/maven-resolver-transport-wagon/1.6.1/maven-resolver-transport-wagon-1.6.1.jar:/root/.m2/repository/org/apache/maven/wagon/wagon-provider-api/3.4.0/wagon-provider-api-3.4.0.jar:/root/.m2/repository/org/apache/maven/resolver/maven-resolver-transport-classpath/1.6.1/maven-resolver-transport-classpath-1.6.1.jar:/root/.m2/repository/org/apache/maven/maven-settings-builder/3.6.3/maven-settings-builder-3.6.3.jar:/root/.m2/repository/org/apache/maven/maven-settings/3.6.3/maven-settings-3.6.3.jar:/root/.m2/repository/org/sonatype/plexus/plexus-sec-dispatcher/1.4/plexus-sec-dispatcher-1.4.jar:/root/.m2/repository/org/sonatype/plexus/plexus-cipher/1.4/plexus-cipher-1.4.jar:/root/.m2/repository/org/codehaus/plexus/plexus-container-default/2.1.0/plexus-container-default-2.1.0.jar:/root/.m2/repository/org/apache/commons/commons-lang3/3.12.0/commons-lang3-3.12.0.jar:/root/.m2/repository/commons-lang/commons-lang/2.6/commons-lang-2.6.jar:/root/.m2/repository/commons-io/commons-io/2.8.0/commons-io-2.8.0.jar:/root/.m2/repository/org/slf4j/slf4j-api/1.7.30/slf4j-api-1.7.30.jar:/root/.m2/repository/org/slf4j/log4j-over-slf4j/1.7.30/log4j-over-slf4j-1.7.30.jar:/root/.m2/repository/org/slf4j/jcl-over-slf4j/1.7.30/jcl-over-slf4j-1.7.30.jar:/root/.m2/repository/org/jdom/jdom/1.1.3/jdom-1.1.3.jar:/root/.m2/repository/net/sourceforge/nekohtml/nekohtml/1.9.22/nekohtml-1.9.22.jar:/root/.m2/repository/xerces/xercesImpl/2.11.0/xercesImpl-2.11.0.jar:/root/.m2/repository/org/apache/tika/tika-parsers/1.25/tika-parsers-1.25.jar:/root/.m2/repository/org/apache/tika/tika-core/1.25/tika-core-1.25.jar:/root/.m2/repository/org/apache/pdfbox/pdfbox/2.0.22/pdfbox-2.0.22.jar:/root/.m2/repository/org/apache/pdfbox/fontbox/2.0.22/fontbox-2.0.22.jar:/root/.m2/repository/org/apache/pdfbox/pdfbox-tools/2.0.22/pdfbox-tools-2.0.22.jar:/root/.m2/repository/org/apache/pdfbox/jempbox/1.8.16/jempbox-1.8.16.jar:/root/.m2/repository/org/bouncycastle/bcmail-jdk15on/1.68/bcmail-jdk15on-1.68.jar:/root/.m2/repository/org/bouncycastle/bcpkix-jdk15on/1.68/bcpkix-jdk15on-1.68.jar:/root/.m2/repository/org/bouncycastle/bcprov-jdk15on/1.68/bcprov-jdk15on-1.68.jar:/root/.m2/repository/org/apache/poi/poi/4.1.2/poi-4.1.2.jar:/root/.m2/repository/org/apache/commons/commons-collections4/4.4/commons-collections4-4.4.jar:/root/.m2/repository/org/apache/commons/commons-math3/3.6.1/commons-math3-3.6.1.jar:/root/.m2/repository/com/zaxxer/SparseBitSet/1.2/SparseBitSet-1.2.jar:/root/.m2/repository/org/apache/poi/poi-scratchpad/4.1.2/poi-scratchpad-4.1.2.jar:/root/.m2/repository/org/apache/poi/poi-ooxml/4.1.2/poi-ooxml-4.1.2.jar:/root/.m2/repository/org/apache/poi/poi-ooxml-schemas/4.1.2/poi-ooxml-schemas-4.1.2.jar:/root/.m2/repository/org/apache/xmlbeans/xmlbeans/3.1.0/xmlbeans-3.1.0.jar:/root/.m2/repository/org/apache/commons/commons-compress/1.19/commons-compress-1.19.jar:/root/.m2/repository/com/github/virtuald/curvesapi/1.06/curvesapi-1.06.jar:/root/.m2/repository/com/drewnoakes/metadata-extractor/2.15.0/metadata-extractor-2.15.0.jar:/root/.m2/repository/com/adobe/xmp/xmpcore/6.0.6/xmpcore-6.0.6.jar:/root/.m2/repository/org/codehaus/woodstox/woodstox-core-lgpl/4.4.1/woodstox-core-lgpl-4.4.1.jar:/root/.m2/repository/org/codehaus/woodstox/stax2-api/3.1.4/stax2-api-3.1.4.jar:/root/.m2/repository/org/apache/ant/ant/1.10.9/ant-1.10.9.jar:/root/.m2/repository/org/apache/ant/ant-launcher/1.10.9/ant-launcher-1.10.9.jar:/root/.m2/repository/com/thoughtworks/xstream/xstream/1.4.15/xstream-1.4.15.jar:/root/.m2/repository/xpp3/xpp3/1.1.4c/xpp3-1.1.4c.jar:/root/.m2/repository/jaxen/jaxen/1.2.0/jaxen-1.2.0.jar:/root/.m2/repository/gnu/getopt/java-getopt/1.0.13/java-getopt-1.0.13.jar:/root/.m2/repository/com/fasterxml/jackson/core/jackson-databind/2.12.3/jackson-databind-2.12.3.jar:/root/.m2/repository/com/fasterxml/jackson/core/jackson-annotations/2.12.3/jackson-annotations-2.12.3.jar:/root/.m2/repository/com/fasterxml/jackson/core/jackson-core/2.12.3/jackson-core-2.12.3.jar:/root/.m2/repository/org/xhtmlrenderer/flying-saucer-core/9.1.20/flying-saucer-core-9.1.20.jar:/root/.m2/repository/joda-time/joda-time/2.10.9/joda-time-2.10.9.jar:/root/.m2/repository/org/codehaus/httpcache4j/httpcache4j-core/5.1.1/httpcache4j-core-5.1.1.jar:/root/.m2/repository/org/codehaus/httpcache4j/httpcache4j-storage-api/5.1.1/httpcache4j-storage-api-5.1.1.jar:/root/.m2/repository/org/codehaus/httpcache4j/httpcache4j-api/5.1.1/httpcache4j-api-5.1.1.jar:/root/.m2/repository/org/codehaus/httpcache4j/uribuilder/uribuilder/2.0.0/uribuilder-2.0.0.jar:/root/.m2/repository/org/codehaus/httpcache4j/storage/storage-file/5.1.1/storage-file-5.1.1.jar:/root/.m2/repository/javax/xml/bind/jaxb-api/2.3.1/jaxb-api-2.3.1.jar:/root/.m2/repository/com/sun/xml/bind/jaxb-core/2.3.0.1/jaxb-core-2.3.0.1.jar:/root/.m2/repository/com/sun/xml/bind/jaxb-impl/2.3.3/jaxb-impl-2.3.3.jar:/root/.m2/repository/com/sun/activation/jakarta.activation/1.2.2/jakarta.activation-1.2.2.jar:/root/.m2/repository/javax/activation/javax.activation-api/1.2.0/javax.activation-api-1.2.0.jar:/root/.m2/repository/uk/ac/gate/plugins/annie/8.5/annie-8.5.jar:/root/.m2/repository/uk/ac/gate/gate-compiler-jdt/4.3.2-P20140317-1600/gate-compiler-jdt-4.3.2-P20140317-1600.jar:/root/.m2/repository/uk/ac/gate/plugins/ontology-tools/8.5/ontology-tools-8.5.jar:/root/.m2/repository/uk/ac/gate/plugins/tools/8.5/tools-8.5.jar:/root/.m2/repository/uk/ac/gate/plugins/gazetteer-ontology-based/8.5/gazetteer-ontology-based-8.5.jar:/root/.m2/repository/org/xerial/sqlite-jdbc/3.36.0.3/sqlite-jdbc-3.36.0.3.jar:"/>
    <property name="sun.cpu.endian" value="little"/>
    <property name="user.home" value="/root"/>
    <property name="user.language" value="fr"/>
    <property name="java.specification.vendor" value="Oracle Corporation"/>
    <property name="java.version.date" value="2021-10-19"/>
    <property name="java.home" value="/usr/lib/jvm/java-11-openjdk-amd64"/>
    <property name="file.separator" value="/"/>
    <property name="basedir" value="/home/paul/sigir_api_demonstration/Backup_gate_rest/gaterestapi"/>
    <property name="java.vm.compressedOopsMode" value="Zero based"/>
    <property name="line.separator" value="&#10;"/>
    <property name="java.specification.name" value="Java Platform API Specification"/>
    <property name="java.vm.specification.vendor" value="Oracle Corporation"/>
    <property name="java.awt.graphicsenv" value="sun.awt.X11GraphicsEnvironment"/>
    <property name="surefire.real.class.path" value="/home/paul/sigir_api_demonstration/Backup_gate_rest/gaterestapi/target/surefire/surefirebooter10822257528404948254.jar"/>
    <property name="sun.management.compiler" value="HotSpot 64-Bit Tiered Compilers"/>
    <property name="java.runtime.version" value="11.0.13+8-Ubuntu-0ubuntu1.20.04"/>
    <property name="user.name" value="root"/>
    <property name="path.separator" value=":"/>
    <property name="os.version" value="5.13.0-28-generic"/>
    <property name="java.runtime.name" value="OpenJDK Runtime Environment"/>
    <property name="file.encoding" value="UTF-8"/>
    <property name="java.vm.name" value="OpenJDK 64-Bit Server VM"/>
    <property name="localRepository" value="/root/.m2/repository"/>
    <property name="java.vendor.url.bug" value="https://bugs.launchpad.net/ubuntu/+source/openjdk-lts"/>
    <property name="java.io.tmpdir" value="/tmp"/>
    <property name="java.version" value="11.0.13"/>
    <property name="user.dir" value="/home/paul/sigir_api_demonstration/Backup_gate_rest/gaterestapi"/>
    <property name="os.arch" value="amd64"/>
    <property name="java.vm.specification.name" value="Java Virtual Machine Specification"/>
    <property name="java.awt.printerjob" value="sun.print.PSPrinterJob"/>
    <property name="sun.os.patch.level" value="unknown"/>
    <property name="java.library.path" value="/usr/java/packages/lib:/usr/lib/x86_64-linux-gnu/jni:/lib/x86_64-linux-gnu:/usr/lib/x86_64-linux-gnu:/usr/lib/jni:/lib:/usr/lib"/>
    <property name="java.vm.info" value="mixed mode, sharing"/>
    <property name="java.vendor" value="Ubuntu"/>
    <property name="java.vm.version" value="11.0.13+8-Ubuntu-0ubuntu1.20.04"/>
    <property name="sun.io.unicode.encoding" value="UnicodeLittle"/>
    <property name="java.class.version" value="55.0"/>
  </properties>
  <testcase name="contextLoads" classname="com.example.gaterestapi.GaterestapiApplicationTests" time="0.418"/>
</testsuite>